SF:lib/src/storage/settings_storage_service.dart
DA:19,2
DA:20,1
DA:22,1
DA:23,1
DA:26,1
DA:31,0
DA:37,0
DA:39,0
DA:40,0
DA:43,0
DA:47,0
DA:51,0
DA:52,0
DA:53,0
DA:57,0
DA:58,0
DA:61,0
DA:62,0
DA:64,0
DA:71,0
DA:74,0
DA:78,0
DA:85,0
DA:86,0
DA:87,0
DA:90,0
DA:91,0
DA:93,0
DA:100,0
DA:103,0
DA:109,0
DA:111,0
DA:113,0
DA:120,0
DA:121,0
DA:125,0
DA:126,0
DA:130,0
DA:132,0
DA:138,0
DA:139,0
DA:143,0
DA:144,0
DA:148,0
DA:150,0
DA:156,0
DA:157,0
DA:161,0
DA:162,0
DA:166,0
DA:168,0
DA:174,0
DA:175,0
DA:179,0
DA:180,0
DA:184,0
DA:185,0
DA:187,0
DA:193,0
DA:194,0
DA:198,0
DA:199,0
DA:203,0
DA:205,0
DA:211,0
DA:212,0
DA:214,0
DA:215,0
DA:217,0
DA:223,0
DA:226,0
DA:230,0
DA:237,0
DA:238,0
DA:240,0
DA:242,0
DA:244,0
DA:249,0
DA:255,0
DA:258,0
DA:262,0
LF:81
LH:5
end_of_record
SF:lib/src/capsules/settings_storage_capsule.dart
DA:6,0
DA:7,0
DA:11,0
DA:12,0
LF:4
LH:0
end_of_record
SF:lib/src/initialization/package_initialization.dart
DA:7,0
LF:1
LH:0
end_of_record
