SF:lib/src/providers/platform_providers.dart
DA:7,0
DA:8,0
DA:11,0
DA:13,0
DA:19,0
DA:22,0
DA:25,0
DA:28,0
DA:31,0
DA:34,0
DA:37,0
DA:38,0
DA:39,0
DA:40,0
DA:41,0
DA:42,0
LF:16
LH:0
end_of_record
SF:lib/src/providers/platform_providers.g.dart
DA:9,0
DA:15,0
DA:29,0
DA:35,0
LF:4
LH:0
end_of_record
SF:lib/src/providers/file_system_providers.dart
DA:8,0
DA:10,0
DA:14,0
DA:16,0
DA:17,0
DA:21,0
DA:23,0
DA:24,0
DA:28,0
DA:30,0
DA:31,0
DA:35,0
DA:37,0
DA:38,0
DA:45,0
DA:48,0
DA:51,0
DA:52,0
DA:55,0
DA:58,0
DA:59,0
DA:62,0
DA:65,0
DA:66,0
DA:69,0
DA:73,0
DA:76,0
DA:80,0
DA:83,0
DA:84,0
LF:30
LH:0
end_of_record
SF:lib/src/providers/file_system_providers.g.dart
DA:9,0
DA:15,0
DA:16,0
DA:30,0
DA:37,0
DA:38,0
DA:52,0
DA:58,0
DA:72,0
DA:79,0
DA:80,0
DA:94,0
DA:101,0
DA:102,0
LF:14
LH:0
end_of_record
SF:lib/src/providers/id_providers.dart
DA:10,0
DA:12,0
DA:18,0
DA:19,0
DA:22,0
DA:23,0
DA:24,0
DA:29,0
DA:30,0
DA:34,0
DA:37,0
DA:41,0
DA:43,0
DA:47,0
DA:49,0
DA:53,0
DA:55,0
DA:60,0
DA:61,0
DA:70,0
DA:72,0
DA:73,0
DA:74,0
DA:84,0
DA:86,0
DA:87,0
DA:88,0
LF:27
LH:0
end_of_record
SF:lib/src/providers/id_providers.g.dart
DA:9,0
DA:17,0
DA:29,0
DA:35,0
DA:47,0
DA:53,0
DA:67,0
DA:74,0
DA:88,0
DA:95,0
DA:96,0
LF:11
LH:0
end_of_record
SF:lib/src/converter/color.dart
DA:8,0
DA:10,0
DA:12,0
DA:15,0
DA:17,0
LF:5
LH:0
end_of_record
SF:lib/src/converter/border_radius.dart
DA:7,0
DA:9,0
DA:11,0
DA:12,0
DA:13,0
DA:14,0
DA:15,0
DA:19,0
DA:21,0
DA:22,0
DA:23,0
DA:24,0
DA:25,0
LF:13
LH:0
end_of_record
SF:lib/src/converter/font_weight.dart
DA:11,0
DA:13,0
DA:16,0
DA:18,0
DA:20,0
DA:22,0
DA:24,0
DA:26,0
DA:28,0
DA:30,0
DA:32,0
DA:40,0
DA:42,0
LF:13
LH:0
end_of_record
SF:lib/src/package/initialization.dart
DA:5,0
DA:18,0
DA:19,0
DA:24,0
DA:25,0
LF:5
LH:0
end_of_record
SF:lib/src/validation/validation_result.dart
DA:8,3
DA:23,5
DA:25,0
DA:28,0
DA:29,0
DA:30,0
DA:31,0
DA:34,0
DA:35,0
DA:37,0
DA:39,0
DA:42,0
LF:12
LH:2
end_of_record
SF:lib/src/version/version_service.dart
DA:10,0
DA:11,0
DA:15,0
DA:16,0
DA:17,0
DA:21,0
DA:22,0
DA:23,0
DA:27,0
DA:28,0
DA:29,0
DA:33,0
DA:34,0
DA:35,0
DA:39,0
DA:40,0
DA:41,0
DA:46,0
DA:48,0
DA:52,0
DA:54,0
DA:55,0
DA:59,0
DA:61,0
DA:62,0
DA:66,0
DA:68,0
DA:69,0
DA:73,0
DA:74,0
DA:75,0
DA:76,0
DA:77,0
DA:78,0
DA:79,0
DA:80,0
DA:82,0
LF:37
LH:0
end_of_record
SF:lib/src/version/version_service.g.dart
DA:9,0
DA:15,0
DA:29,0
DA:35,0
DA:47,0
DA:53,0
DA:67,0
DA:73,0
LF:8
LH:0
end_of_record
SF:lib/src/extensions/rearch.dart
DA:4,0
DA:5,0
DA:6,0
DA:7,0
DA:8,0
LF:5
LH:0
end_of_record
SF:lib/src/filesystem/file_system_service.dart
DA:11,3
DA:13,1
DA:14,1
DA:17,1
DA:26,1
DA:27,1
DA:29,2
DA:31,2
DA:33,1
DA:34,0
DA:41,0
DA:42,0
DA:45,0
DA:46,0
DA:58,1
DA:59,1
DA:66,1
DA:67,1
DA:76,1
DA:80,1
DA:81,1
DA:82,1
DA:90,1
DA:91,2
DA:98,1
DA:100,1
DA:101,1
DA:102,1
DA:106,0
DA:116,1
DA:118,1
DA:119,1
DA:122,3
DA:131,1
DA:133,1
DA:134,1
DA:135,1
DA:140,0
DA:150,1
DA:152,1
DA:153,1
DA:154,1
DA:159,0
DA:169,1
DA:175,1
DA:176,1
DA:177,1
DA:180,2
DA:182,2
DA:186,0
DA:187,0
DA:196,1
DA:201,1
DA:202,1
DA:204,2
DA:209,1
DA:214,1
DA:221,1
DA:225,2
DA:226,1
DA:231,1
LF:61
LH:51
end_of_record
SF:lib/src/id/unique_id.dart
DA:17,6
DA:22,3
DA:25,2
DA:26,4
DA:27,1
DA:29,4
DA:30,1
DA:38,1
DA:40,2
DA:48,2
DA:49,2
DA:50,2
DA:52,2
DA:59,1
DA:60,1
DA:68,2
DA:73,2
DA:74,6
DA:81,2
DA:82,3
DA:88,1
DA:89,2
DA:95,2
DA:96,4
DA:98,4
DA:99,2
DA:100,2
DA:101,2
DA:107,2
DA:109,2
DA:112,2
DA:114,1
DA:118,0
DA:122,1
DA:126,1
DA:127,1
DA:129,2
DA:132,8
DA:135,2
DA:136,4
DA:138,1
DA:139,3
LF:42
LH:41
end_of_record
SF:lib/src/utils/json_utils.dart
DA:23,0
DA:24,0
DA:38,0
DA:39,0
DA:40,0
DA:42,0
DA:57,0
DA:58,0
DA:59,0
DA:61,0
DA:62,0
DA:63,0
DA:65,0
DA:84,0
DA:85,0
DA:86,0
DA:107,0
DA:108,0
DA:109,0
DA:111,0
DA:112,0
DA:113,0
DA:115,0
DA:128,0
DA:129,0
DA:131,0
DA:132,0
DA:133,0
DA:136,0
DA:137,0
DA:138,0
DA:139,0
DA:141,0
DA:143,0
LF:34
LH:0
end_of_record
