SF:lib/src/task.dart
DA:34,3
DA:85,3
DA:94,3
DA:97,12
DA:100,12
DA:103,12
DA:106,12
DA:109,12
DA:112,3
DA:113,9
DA:116,3
DA:117,3
DA:118,3
DA:121,3
DA:122,3
DA:125,6
DA:128,9
DA:129,6
DA:130,6
DA:131,6
DA:134,3
DA:135,3
DA:136,3
DA:137,3
DA:138,4
DA:139,3
DA:143,3
DA:145,6
DA:149,2
DA:150,2
DA:154,4
DA:156,4
DA:157,2
DA:158,4
DA:159,4
DA:160,3
DA:165,2
DA:166,2
DA:170,4
DA:174,2
DA:175,2
DA:179,4
DA:183,2
DA:185,4
DA:188,8
DA:192,0
DA:193,0
DA:197,3
DA:200,3
DA:201,0
DA:202,0
DA:205,3
DA:208,6
DA:211,3
DA:214,6
DA:215,9
DA:218,3
DA:219,6
DA:222,4
DA:223,4
DA:226,6
DA:227,6
DA:231,3
DA:234,3
DA:235,3
DA:240,6
DA:241,6
DA:244,3
DA:245,6
DA:248,4
DA:249,4
DA:252,6
DA:253,6
LF:73
LH:69
end_of_record
SF:lib/src/workflow.dart
DA:29,1
DA:81,1
DA:90,1
DA:94,4
DA:97,4
DA:100,4
DA:103,4
DA:106,4
DA:109,1
DA:110,3
DA:113,1
DA:114,1
DA:115,0
DA:118,1
DA:119,0
DA:122,2
DA:125,3
DA:126,2
DA:127,2
DA:128,2
DA:131,1
DA:132,1
DA:133,1
DA:134,0
DA:138,2
DA:141,2
DA:142,2
DA:146,2
DA:149,2
DA:150,2
DA:154,2
DA:155,0
DA:156,0
DA:157,0
DA:162,0
DA:163,0
DA:165,0
DA:166,0
DA:168,0
DA:172,2
DA:176,1
DA:177,1
DA:181,2
DA:184,7
DA:185,4
DA:186,1
DA:187,1
DA:191,2
DA:192,2
DA:193,2
DA:198,1
DA:199,1
DA:203,2
DA:206,7
DA:207,4
DA:208,1
DA:209,1
DA:215,1
DA:216,1
DA:220,2
DA:223,7
DA:224,4
DA:225,1
DA:226,1
DA:232,1
DA:234,2
DA:237,1
DA:238,2
DA:239,3
DA:240,1
DA:241,1
DA:242,2
DA:243,2
DA:249,3
DA:251,1
DA:256,1
DA:257,0
DA:258,0
DA:261,1
DA:262,1
DA:265,1
DA:268,1
DA:270,1
DA:271,2
DA:272,2
DA:273,2
DA:274,2
DA:275,2
DA:276,2
DA:279,1
DA:281,2
DA:282,2
DA:283,2
DA:284,0
DA:290,3
DA:294,2
DA:295,3
DA:296,2
DA:297,2
DA:299,2
DA:300,2
DA:304,0
DA:306,0
DA:307,0
DA:312,0
DA:313,0
DA:315,0
DA:316,0
DA:318,0
DA:319,0
DA:325,1
DA:326,1
DA:327,1
DA:330,3
DA:332,1
DA:342,1
DA:351,1
DA:354,1
LF:118
LH:95
end_of_record
SF:lib/src/registry.dart
DA:33,2
DA:35,6
DA:38,1
DA:40,2
DA:43,1
DA:45,2
DA:48,1
DA:50,2
DA:53,1
DA:55,3
DA:58,1
DA:60,2
DA:61,4
DA:62,1
DA:70,1
DA:87,2
DA:90,2
DA:93,1
DA:94,1
DA:95,2
DA:97,1
DA:98,1
DA:99,2
DA:101,1
DA:102,1
DA:103,2
DA:106,1
DA:114,0
DA:115,0
DA:116,0
DA:117,0
DA:118,0
DA:123,1
DA:124,1
DA:129,1
DA:130,1
DA:135,1
DA:136,1
DA:141,1
DA:142,1
DA:147,0
DA:148,0
LF:42
LH:35
end_of_record
SF:lib/src/types.dart
DA:47,3
DA:50,3
LF:2
LH:2
end_of_record
SF:lib/src/utils.dart
DA:14,1
DA:15,1
DA:17,0
DA:31,0
DA:42,0
DA:44,0
DA:50,0
DA:51,0
DA:55,0
DA:56,0
DA:59,0
DA:68,0
DA:80,0
DA:89,0
DA:91,0
DA:97,0
DA:98,0
DA:104,0
DA:105,0
DA:106,0
DA:109,0
DA:116,0
DA:117,0
DA:119,0
DA:124,0
DA:131,0
DA:132,0
DA:138,0
DA:145,0
DA:146,0
DA:147,0
DA:148,0
DA:156,0
DA:157,0
DA:158,0
DA:159,0
DA:167,0
DA:168,0
DA:169,0
DA:170,0
DA:175,1
DA:176,1
DA:181,1
DA:182,1
DA:183,2
DA:187,1
DA:188,4
DA:192,1
DA:193,3
DA:197,1
DA:198,3
DA:202,0
DA:203,0
DA:238,0
DA:247,0
DA:251,0
DA:259,0
DA:264,0
DA:272,0
DA:274,0
DA:275,0
DA:277,0
DA:313,0
DA:321,0
DA:325,0
DA:333,0
DA:337,0
DA:344,0
DA:346,0
DA:347,0
DA:349,0
LF:71
LH:13
end_of_record
