SF:lib/src/capsule/asset_stack_capsules.dart
DA:12,0
DA:13,0
DA:16,0
DA:18,0
DA:19,0
DA:22,0
DA:23,0
DA:25,0
DA:26,0
DA:32,0
DA:33,0
DA:34,0
DA:35,0
DA:36,0
DA:40,0
DA:41,0
DA:44,0
DA:45,0
DA:47,0
DA:51,0
DA:52,0
DA:53,0
DA:59,0
DA:60,0
DA:61,0
DA:62,0
DA:64,0
DA:65,0
DA:66,0
DA:67,0
DA:69,0
DA:70,0
DA:72,0
DA:73,0
DA:74,0
DA:76,0
DA:77,0
DA:78,0
DA:80,0
DA:84,0
LF:40
LH:0
end_of_record
SF:lib/src/capsule/stack_actions_capsules.dart
DA:15,0
DA:16,0
DA:17,0
DA:18,0
DA:22,0
DA:23,0
DA:27,0
DA:33,0
DA:46,0
DA:47,0
DA:48,0
DA:50,0
DA:53,0
DA:55,0
DA:57,0
DA:58,0
DA:60,0
DA:66,0
DA:67,0
DA:68,0
DA:71,0
DA:72,0
DA:73,0
DA:74,0
DA:76,0
DA:77,0
DA:80,0
DA:81,0
DA:82,0
DA:85,0
DA:86,0
DA:92,0
DA:93,0
DA:95,0
DA:96,0
DA:102,0
DA:105,0
DA:106,0
DA:109,0
DA:110,0
DA:113,0
DA:114,0
DA:116,0
DA:120,0
DA:121,0
DA:122,0
DA:123,0
DA:126,0
DA:127,0
DA:133,0
DA:134,0
DA:136,0
DA:137,0
DA:143,0
DA:146,0
DA:149,0
DA:152,0
DA:155,0
DA:156,0
DA:157,0
DA:160,0
DA:167,0
DA:171,0
DA:174,0
DA:177,0
DA:178,0
DA:186,0
DA:187,0
DA:188,0
DA:191,0
DA:192,0
DA:198,0
DA:204,0
DA:209,0
DA:210,0
DA:216,0
DA:220,0
DA:221,0
DA:222,0
DA:223,0
DA:226,0
DA:228,0
DA:237,0
DA:240,0
DA:243,0
DA:244,0
DA:252,0
DA:253,0
DA:254,0
DA:257,0
DA:258,0
DA:264,0
DA:265,0
DA:270,0
DA:283,0
DA:288,0
DA:289,0
DA:290,0
DA:293,0
DA:294,0
DA:297,0
DA:298,0
DA:301,0
DA:302,0
DA:303,0
DA:311,0
DA:314,0
DA:318,0
DA:319,0
LF:109
LH:0
end_of_record
SF:lib/src/capsule/stack_capsules.dart
DA:15,0
DA:16,0
DA:17,0
DA:18,0
DA:21,0
DA:22,0
DA:23,0
DA:24,0
DA:25,0
DA:26,0
DA:30,0
DA:31,0
DA:32,0
DA:34,0
DA:36,0
DA:37,0
DA:40,0
DA:41,0
DA:45,0
DA:48,0
DA:54,0
DA:55,0
DA:57,0
DA:58,0
DA:59,0
DA:60,0
DA:67,0
DA:68,0
DA:69,0
DA:70,0
DA:71,0
DA:74,0
DA:75,0
DA:76,0
DA:83,0
DA:84,0
DA:86,0
DA:87,0
DA:90,0
DA:93,0
DA:94,0
DA:97,0
DA:98,0
DA:105,0
DA:106,0
DA:107,0
DA:108,0
DA:109,0
DA:112,0
DA:113,0
DA:114,0
DA:124,0
DA:125,0
DA:128,0
DA:129,0
DA:131,0
DA:132,0
DA:133,0
DA:136,0
DA:137,0
DA:138,0
DA:143,0
DA:144,0
DA:145,0
DA:147,0
DA:148,0
DA:149,0
DA:150,0
DA:153,0
DA:154,0
DA:155,0
DA:156,0
DA:157,0
DA:159,0
DA:160,0
DA:161,0
DA:163,0
DA:164,0
DA:173,0
DA:174,0
DA:175,0
DA:176,0
DA:177,0
DA:183,0
DA:184,0
DA:185,0
DA:186,0
DA:188,0
DA:190,0
DA:192,0
DA:193,0
DA:197,0
DA:198,0
DA:200,0
DA:202,0
DA:203,0
DA:205,0
DA:206,0
DA:207,0
DA:209,0
DA:211,0
DA:212,0
DA:214,0
DA:215,0
DA:216,0
DA:217,0
DA:228,0
DA:229,0
DA:232,0
DA:235,0
DA:238,0
DA:239,0
DA:241,0
DA:242,0
DA:243,0
DA:245,0
DA:246,0
DA:248,0
DA:249,0
DA:252,0
DA:254,0
DA:255,0
DA:258,0
DA:259,0
DA:261,0
DA:262,0
DA:265,0
DA:270,0
DA:271,0
LF:129
LH:0
end_of_record
SF:lib/src/capsule/stack_operations_capsule.dart
DA:14,0
DA:23,0
DA:25,0
DA:26,0
DA:27,0
DA:30,0
DA:32,0
DA:35,0
DA:36,0
DA:37,0
DA:40,0
DA:44,0
DA:47,0
DA:48,0
DA:54,0
DA:56,0
DA:59,0
DA:60,0
DA:61,0
DA:64,0
DA:67,0
DA:68,0
DA:69,0
DA:70,0
DA:71,0
DA:74,0
DA:77,0
DA:83,0
DA:84,0
DA:87,0
DA:90,0
DA:91,0
DA:95,0
DA:98,0
DA:102,0
DA:103,0
DA:109,0
DA:111,0
DA:113,0
DA:114,0
DA:115,0
DA:116,0
DA:121,0
DA:122,0
DA:124,0
DA:127,0
DA:131,0
DA:132,0
DA:138,0
DA:140,0
DA:142,0
DA:143,0
DA:144,0
DA:145,0
DA:150,0
DA:151,0
DA:153,0
DA:156,0
DA:160,0
DA:161,0
DA:167,0
DA:169,0
DA:171,0
DA:172,0
DA:173,0
DA:174,0
DA:179,0
DA:180,0
DA:182,0
DA:185,0
DA:189,0
DA:190,0
DA:196,0
DA:198,0
DA:201,0
DA:202,0
DA:204,0
DA:207,0
DA:211,0
DA:212,0
DA:218,0
DA:220,0
DA:224,0
DA:228,0
DA:229,0
DA:246,0
DA:247,0
DA:249,0
DA:250,0
DA:251,0
DA:252,0
DA:253,0
DA:254,0
LF:93
LH:0
end_of_record
SF:lib/src/capsule/stack_import_export_capsule.dart
DA:11,0
DA:15,0
DA:17,0
DA:18,0
DA:21,0
DA:23,0
DA:26,0
DA:27,0
DA:28,0
DA:33,0
DA:34,0
DA:35,0
DA:40,0
DA:41,0
DA:44,0
DA:47,0
DA:48,0
DA:49,0
DA:50,0
DA:53,0
DA:55,0
DA:58,0
DA:63,0
DA:64,0
DA:70,0
DA:72,0
DA:75,0
DA:76,0
DA:81,0
DA:84,0
DA:86,0
DA:90,0
DA:91,0
DA:103,0
DA:104,0
DA:106,0
DA:107,0
DA:108,0
DA:109,0
DA:110,0
DA:111,0
LF:41
LH:0
end_of_record
SF:lib/src/service/asset_stack_locator_service.dart
DA:10,0
DA:13,0
DA:14,0
DA:17,0
DA:20,0
DA:23,0
DA:24,0
DA:26,0
DA:27,0
DA:30,0
DA:32,0
DA:33,0
DA:40,0
DA:60,2
DA:68,1
DA:69,1
DA:70,1
DA:71,1
DA:72,1
DA:73,2
DA:78,1
DA:79,1
DA:80,2
DA:81,2
DA:82,3
DA:83,2
LF:26
LH:13
end_of_record
SF:lib/src/service/stack_service.dart
DA:14,0
DA:17,0
DA:18,0
DA:28,0
DA:32,0
DA:33,0
DA:35,0
DA:38,0
DA:39,0
DA:40,0
DA:42,0
DA:43,0
DA:44,0
DA:49,0
DA:50,0
DA:52,0
DA:60,0
DA:61,0
DA:65,0
DA:66,0
DA:73,0
DA:76,0
DA:77,0
DA:80,0
DA:81,0
DA:83,0
DA:84,0
DA:85,0
DA:88,0
DA:89,0
DA:90,0
DA:95,0
DA:96,0
DA:100,0
DA:102,0
DA:111,0
DA:112,0
DA:117,0
LF:38
LH:0
end_of_record
SF:lib/src/service/stack_source.dart
DA:30,0
DA:32,0
DA:33,0
DA:35,0
DA:36,0
DA:38,0
DA:41,0
DA:42,0
DA:44,0
DA:47,0
DA:48,0
DA:57,1
DA:59,1
DA:60,1
DA:62,1
DA:63,1
DA:65,1
DA:68,1
DA:71,0
DA:74,0
DA:75,0
LF:21
LH:7
end_of_record
SF:lib/src/initialization/package_initialization.dart
DA:7,0
DA:20,0
DA:22,0
DA:26,0
LF:4
LH:0
end_of_record
SF:lib/src/model/stack.dart
DA:26,3
DA:35,0
DA:38,0
DA:41,0
DA:45,0
DA:46,0
DA:50,1
DA:57,1
DA:58,1
DA:59,1
DA:60,1
DA:61,1
DA:62,0
DA:66,0
DA:69,0
DA:70,0
DA:71,0
DA:72,0
DA:73,0
DA:74,0
DA:75,0
DA:77,0
DA:78,0
DA:79,0
DA:80,0
DA:81,0
DA:82,0
DA:83,0
DA:84,0
DA:87,0
DA:89,0
DA:90,0
LF:32
LH:7
end_of_record
SF:lib/src/model/stack_info.dart
DA:13,3
DA:23,0
DA:26,0
DA:28,0
DA:32,0
DA:36,0
DA:37,0
DA:39,0
DA:41,0
DA:42,0
DA:43,0
DA:44,0
DA:47,0
DA:48,0
DA:52,0
DA:53,0
DA:54,0
DA:55,0
DA:56,0
DA:57,0
DA:58,0
DA:59,0
DA:60,0
DA:64,0
DA:73,0
DA:74,0
DA:75,0
DA:76,0
DA:77,0
DA:78,0
DA:79,0
DA:80,0
DA:84,0
DA:87,0
DA:88,0
DA:89,0
DA:90,0
DA:91,0
DA:92,0
DA:93,0
DA:94,0
DA:96,0
DA:98,0
DA:99,0
DA:100,0
DA:101,0
DA:102,0
DA:103,0
DA:104,0
DA:105,0
DA:106,0
DA:107,0
DA:111,0
DA:113,0
DA:114,0
DA:115,0
DA:120,0
DA:122,0
LF:58
LH:1
end_of_record
SF:lib/src/model/stack_settings.dart
DA:10,5
DA:17,0
DA:18,0
DA:19,0
DA:20,0
DA:21,0
DA:23,0
DA:27,0
DA:28,0
DA:29,0
DA:30,0
DA:31,0
DA:32,0
DA:36,0
DA:42,0
DA:43,0
DA:44,0
DA:45,0
DA:46,0
DA:50,0
DA:53,0
DA:54,0
DA:55,0
DA:56,0
DA:57,0
DA:59,0
DA:61,0
DA:62,0
DA:63,0
DA:64,0
DA:65,0
DA:66,0
DA:68,0
DA:69,0
DA:70,0
DA:74,0
DA:76,0
DA:77,0
DA:78,0
DA:85,0
DA:87,0
LF:41
LH:1
end_of_record
SF:lib/src/model/dataset.dart
DA:16,2
DA:23,2
DA:24,2
DA:25,2
DA:27,4
DA:28,4
DA:29,8
DA:33,2
DA:34,4
DA:36,2
DA:41,2
DA:42,2
DA:43,4
DA:44,4
DA:45,2
DA:50,6
DA:53,4
DA:55,0
DA:60,0
DA:61,0
DA:62,0
DA:63,0
DA:67,0
DA:70,0
DA:71,0
DA:72,0
DA:73,0
DA:74,0
DA:76,0
DA:77,0
DA:78,0
DA:79,0
DA:80,0
DA:83,0
DA:85,0
DA:86,0
DA:129,2
DA:141,2
DA:142,2
DA:143,0
DA:144,2
DA:145,2
DA:146,2
DA:147,2
DA:148,2
DA:149,4
DA:151,4
DA:152,2
DA:153,0
DA:155,2
DA:156,4
DA:161,2
DA:162,2
DA:163,4
DA:164,4
DA:165,4
DA:166,6
DA:167,8
DA:168,6
DA:169,8
DA:170,4
DA:175,2
DA:176,6
DA:180,2
DA:187,2
DA:188,2
DA:193,2
DA:199,2
DA:200,4
DA:201,4
DA:202,2
DA:206,6
DA:209,0
DA:212,8
DA:214,2
DA:224,2
DA:225,2
DA:226,0
DA:227,0
DA:228,2
DA:229,2
DA:230,2
DA:231,0
DA:232,2
DA:237,2
DA:244,2
DA:250,2
DA:254,0
DA:257,0
DA:258,0
DA:259,0
DA:260,0
DA:261,0
DA:262,0
DA:263,0
DA:264,0
DA:265,0
DA:266,0
DA:268,0
DA:269,0
DA:270,0
DA:271,0
DA:272,0
DA:273,0
DA:274,0
DA:275,0
DA:276,0
DA:277,0
DA:280,0
DA:282,0
DA:283,0
DA:284,0
LF:112
LH:62
end_of_record
SF:lib/src/service/asset_stack_metadata_service.dart
DA:14,0
DA:15,0
DA:16,0
DA:20,0
DA:21,0
DA:24,0
DA:25,0
DA:32,0
DA:33,0
DA:34,0
DA:35,0
DA:36,0
DA:39,0
DA:40,0
DA:42,0
DA:48,0
DA:49,0
DA:50,0
DA:51,0
DA:52,0
DA:55,0
DA:56,0
DA:58,0
DA:62,0
DA:63,0
LF:25
LH:0
end_of_record
SF:lib/src/service/stack_locator_service.dart
DA:13,0
DA:18,0
DA:19,0
DA:21,0
DA:24,0
DA:25,0
DA:30,0
DA:31,0
DA:33,0
DA:34,0
DA:35,0
DA:36,0
DA:38,0
DA:39,0
DA:44,0
DA:45,0
DA:47,0
DA:48,0
DA:56,0
DA:57,0
DA:59,0
DA:60,0
DA:61,0
DA:67,0
DA:68,0
DA:69,0
DA:70,0
DA:71,0
DA:73,0
DA:76,0
DA:77,0
DA:78,0
DA:79,0
DA:81,0
DA:82,0
DA:83,0
DA:87,0
LF:37
LH:0
end_of_record
SF:lib/src/service/stack_metadata_service.dart
DA:17,0
DA:18,0
DA:19,0
DA:22,0
DA:23,0
DA:29,0
DA:31,0
DA:32,0
DA:33,0
DA:34,0
DA:35,0
DA:38,0
DA:39,0
DA:41,0
DA:45,0
DA:46,0
DA:52,0
DA:54,0
DA:55,0
DA:56,0
DA:57,0
DA:58,0
DA:61,0
DA:62,0
DA:64,0
DA:68,0
DA:69,0
DA:74,0
DA:75,0
LF:29
LH:0
end_of_record
SF:lib/src/api/dataset_api.dart
DA:12,1
DA:19,2
DA:24,1
DA:25,1
DA:31,1
DA:32,1
DA:33,2
DA:34,4
DA:35,3
DA:36,3
DA:40,1
DA:41,1
DA:42,1
DA:43,0
DA:44,0
DA:45,0
DA:46,0
DA:49,0
DA:58,1
DA:59,1
DA:62,1
DA:64,2
DA:65,1
DA:67,0
DA:68,0
DA:75,1
DA:80,2
DA:82,1
DA:83,1
DA:87,1
DA:89,0
DA:90,0
DA:97,1
DA:102,2
DA:104,1
DA:105,1
DA:109,1
DA:111,0
DA:112,0
DA:119,1
DA:128,2
DA:129,1
DA:135,2
DA:136,1
DA:142,2
DA:144,1
DA:145,1
DA:150,1
DA:151,1
DA:152,1
DA:153,1
DA:157,0
DA:158,0
DA:165,1
DA:175,2
DA:176,1
DA:182,2
DA:183,0
DA:189,2
DA:192,1
DA:193,1
DA:198,1
DA:199,1
DA:200,1
DA:201,1
DA:203,1
DA:208,0
DA:209,0
DA:216,1
DA:221,2
DA:223,1
DA:224,1
DA:228,1
DA:230,0
DA:231,0
DA:238,1
DA:246,2
DA:253,1
DA:255,0
DA:256,0
DA:263,1
DA:267,2
DA:268,1
DA:270,0
DA:271,0
DA:278,1
DA:280,2
DA:281,1
DA:283,0
DA:284,0
DA:291,1
DA:297,2
DA:298,1
DA:304,2
DA:307,1
DA:310,1
DA:311,0
DA:312,0
DA:313,0
DA:315,0
DA:320,0
DA:321,0
DA:328,0
DA:332,0
DA:334,0
DA:339,0
DA:342,0
DA:344,0
DA:346,0
DA:350,0
LF:110
LH:72
end_of_record
SF:lib/src/service/dataset_service.dart
DA:12,2
DA:13,8
DA:15,2
DA:16,1
DA:19,2
DA:20,4
DA:22,4
DA:23,6
DA:25,2
DA:27,2
DA:30,0
DA:36,10
DA:42,2
DA:43,2
DA:46,8
DA:53,2
DA:54,2
DA:57,8
DA:64,2
DA:72,2
DA:74,4
DA:78,2
DA:86,2
DA:92,2
DA:100,2
DA:102,4
DA:106,4
DA:107,2
DA:108,0
DA:109,0
DA:114,2
DA:117,2
DA:125,2
DA:131,2
DA:132,2
DA:138,2
DA:141,0
DA:147,2
DA:154,2
DA:156,4
DA:158,2
DA:159,2
DA:160,8
DA:161,2
DA:167,2
DA:168,8
DA:174,2
DA:178,0
DA:183,2
DA:187,2
DA:188,2
DA:190,2
DA:191,2
DA:192,8
DA:193,8
DA:199,4
DA:200,2
DA:201,6
DA:204,6
DA:205,4
DA:211,2
DA:213,2
DA:214,2
DA:217,6
DA:218,2
DA:220,2
DA:222,0
DA:228,2
DA:229,8
DA:232,2
DA:233,0
DA:236,8
DA:237,2
DA:240,2
DA:241,2
DA:242,2
DA:246,2
DA:247,10
DA:249,2
DA:250,2
DA:255,2
DA:256,2
DA:258,4
DA:259,2
DA:262,4
DA:263,2
DA:267,2
DA:268,4
DA:269,1
DA:276,2
DA:281,2
DA:283,0
DA:287,2
DA:290,4
DA:291,2
DA:292,4
DA:297,0
DA:298,0
DA:299,0
DA:300,0
DA:306,0
DA:308,0
DA:314,0
DA:316,0
DA:322,0
DA:328,0
DA:329,0
DA:330,0
DA:334,0
DA:335,0
DA:336,0
DA:338,0
DA:339,0
DA:340,0
DA:346,0
DA:354,0
DA:355,0
DA:356,0
DA:357,0
DA:358,0
DA:359,0
DA:362,0
DA:371,0
DA:372,0
DA:373,0
DA:374,0
DA:375,0
DA:377,0
LF:128
LH:88
end_of_record
